Arguments: 
  /usr/bin/node /usr/share/yarn/bin/yarn.js

PATH: 
  /home/andrey/bin:/home/andrey/.local/bin:/usr/local/sbin:/usr/local/bin:/usr/sbin:/usr/bin:/sbin:/bin:/usr/games:/usr/local/games:/snap/bin:/opt/mssql-tools/bin:/opt/mssql-tools/bin

Yarn version: 
  1.5.1

Node version: 
  9.7.1

Platform: 
  linux x64

npm manifest: 
  {
    "private": true,
    "engines": {
      "node": ">=5.0 <6",
      "npm": ">=3.3 <4"
    },
    "dependencies": {
      "babel-polyfill": "6.6.1",
      "babel-runtime": "6.6.1",
      "bluebird": "3.3.3",
      "body-parser": "1.15.0",
      "classnames": "2.2.3",
      "cookie-parser": "1.4.1",
      "eventemitter3": "1.1.1",
      "express": "4.13.4",
      "express-graphql": "0.4.9",
      "express-jwt": "3.3.0",
      "fastclick": "1.0.6",
      "fbjs": "0.7.2",
      "front-matter": "2.0.6",
      "graphiql": "0.5.0",
      "graphql": "0.4.18",
      "history": "2.0.1",
      "isomorphic-style-loader": "0.0.12",
      "jade": "1.11.0",
      "jsonwebtoken": "5.7.0",
      "markdown-it": "6.0.0",
      "node-fetch": "1.3.3",
      "normalize.css": "3.0.3",
      "passport": "0.3.2",
      "passport-facebook": "2.1.0",
      "pg": "4.5.1",
      "pretty-error": "2.0.0",
      "react": "0.14.7",
      "react-dom": "0.14.7",
      "react-routing": "0.0.7",
      "source-map-support": "0.4.0",
      "whatwg-fetch": "0.11.0"
    },
    "devDependencies": {
      "assets-webpack-plugin": "^3.3.0",
      "autoprefixer": "^6.3.3",
      "babel-cli": "^6.6.5",
      "babel-eslint": "^5.0.0",
      "babel-jest": "^9.0.1",
      "babel-loader": "^6.2.4",
      "babel-plugin-react-transform": "^2.0.2",
      "babel-plugin-transform-runtime": "^6.6.0",
      "babel-preset-es2015": "^6.6.0",
      "babel-preset-react": "^6.5.0",
      "babel-preset-stage-0": "^6.5.0",
      "browser-sync": "^2.11.1",
      "core-js": "^2.1.3",
      "css-loader": "^0.23.1",
      "csscomb": "^3.1.8",
      "del": "^2.2.0",
      "enzyme": "^2.0.0",
      "eslint": "^2.3.0",
      "eslint-config-airbnb": "^6.1.0",
      "eslint-loader": "^1.3.0",
      "eslint-plugin-react": "^4.2.0",
      "estraverse-fb": "^1.3.1",
      "extend": "^3.0.0",
      "file-loader": "^0.8.5",
      "gaze": "^0.5.2",
      "git-repository": "^0.1.1",
      "glob": "^7.0.3",
      "jade-loader": "^0.8.0",
      "jest-cli": "^0.9.0",
      "jscs": "^2.11.0",
      "json-loader": "^0.5.4",
      "mkdirp": "^0.5.1",
      "ncp": "^2.0.0",
      "postcss": "^5.0.19",
      "postcss-import": "^8.0.2",
      "postcss-loader": "^0.8.1",
      "postcss-scss": "^0.1.7",
      "precss": "^1.4.0",
      "raw-loader": "^0.5.1",
      "react-addons-test-utils": "^0.14.7",
      "react-transform-catch-errors": "^1.0.2",
      "react-transform-hmr": "^1.0.4",
      "redbox-react": "^1.2.2",
      "replace": "^0.3.0",
      "url-loader": "^0.5.7",
      "webpack": "^1.12.14",
      "webpack-hot-middleware": "^2.9.1",
      "webpack-middleware": "^1.5.1"
    },
    "jest": {
      "rootDir": "./src",
      "testPathDirs": [
        "<rootDir>",
        "<rootDir>/../test/"
      ],
      "moduleNameMapper": {
        "\\.scss$": "SCSSStub"
      },
      "unmockedModulePathPatterns": [
        "react",
        "enzyme"
      ]
    },
    "scripts": {
      "lint": "eslint src tools && jscs src tools --verbose",
      "csslint": "csscomb src/components --lint --verbose",
      "csscomb": "csscomb src/components --verbose",
      "test": "eslint src && jest",
      "clean": "babel-node tools/run clean",
      "copy": "babel-node tools/run copy",
      "bundle": "babel-node tools/run bundle",
      "build": "babel-node tools/run build",
      "deploy": "babel-node tools/run deploy",
      "start": "babel-node tools/run start"
    }
  }

yarn manifest: 
  No manifest

Lockfile: 
  No lockfile

Trace: 
  Error: Found incompatible module
      at new MessageError (/usr/share/yarn/lib/cli.js:186:110)
      at Object.checkOne (/usr/share/yarn/lib/cli.js:62444:11)
      at /usr/share/yarn/lib/cli.js:22773:75
      at Generator.next (<anonymous>)
      at step (/usr/share/yarn/lib/cli.js:98:30)
      at /usr/share/yarn/lib/cli.js:116:14
      at new Promise (<anonymous>)
      at new F (/usr/share/yarn/lib/cli.js:23451:28)
      at /usr/share/yarn/lib/cli.js:95:12
      at /usr/share/yarn/lib/cli.js:22777:27
